Using pre-set license
Built from '2020.3/release' branch; Version is '2020.3.2f1 (8fd9074bf66c) revision 9427207'; Using compiler version '192528614'; Build Type 'Release'
OS: 'Windows 10 Home; OS build 19042.867; Version 2009; 64bit' Language: 'it' Physical Memory: 16234 MB
BatchMode: 1, IsHumanControllingUs: 0, StartBugReporterOnCrash: 0, Is64bit: 1, IsPro: 0

 COMMAND LINE ARGUMENTS:
C:\Program Files\2020.3.2f1\Editor\Unity.exe
-adb2
-batchMode
-noUpm
-name
AssetImportWorker0
-projectPath
D:/GITHUB_Repos/Parcolli_Game/Parcolli_Game
-logFile
Logs/AssetImportWorker0.log
-srvPort
62125
Successfully changed project path to: D:/GITHUB_Repos/Parcolli_Game/Parcolli_Game
D:/GITHUB_Repos/Parcolli_Game/Parcolli_Game
Using Asset Import Pipeline V2.
Refreshing native plugins compatible for Editor in 83.84 ms, found 0 plugins.
Preloading 0 native plugins for Editor in 0.00 ms.
Initialize engine version: 2020.3.2f1 (8fd9074bf66c)
[Subsystems] Discovering subsystems at path C:/Program Files/2020.3.2f1/Editor/Data/Resources/UnitySubsystems
[Subsystems] Discovering subsystems at path D:/GITHUB_Repos/Parcolli_Game/Parcolli_Game/Assets
GfxDevice: creating device client; threaded=0
Direct3D:
    Version:  Direct3D 11.0 [level 11.1]
    Renderer: NVIDIA GeForce GTX 1050 Ti (ID=0x1c8c)
    Vendor:   
    VRAM:     4018 MB
    Driver:   27.21.14.5167
Initialize mono
Mono path[0] = 'C:/Program Files/2020.3.2f1/Editor/Data/Managed'
Mono path[1] = 'C:/Program Files/2020.3.2f1/Editor/Data/MonoBleedingEdge/lib/mono/unityjit'
Mono config path = 'C:/Program Files/2020.3.2f1/Editor/Data/MonoBleedingEdge/etc'
Using monoOptions --debugger-agent=transport=dt_socket,embedding=1,server=y,suspend=n,address=127.0.0.1:56684
Begin MonoManager ReloadAssembly
Registering precompiled unity dll's ...
Register platform support module: C:/Program Files/2020.3.2f1/Editor/Data/PlaybackEngines/WindowsStandaloneSupport/UnityEditor.WindowsStandalone.Extensions.dll
Registered in 0.005485 seconds.
Native extension for WindowsStandalone target not found
Refreshing native plugins compatible for Editor in 202.42 ms, found 0 plugins.
Preloading 0 native plugins for Editor in 0.00 ms.
Invoked RoslynAnalysisRunner static constructor.
RoslynAnalysisRunner will not be running.
RoslynAnalysisRunner has terminated.
Mono: successfully reloaded assembly
- Completed reload, in  7.314 seconds
Platform modules already initialized, skipping
Registering precompiled user dll's ...
Registered in 0.004189 seconds.
Begin MonoManager ReloadAssembly
Native extension for WindowsStandalone target not found
Refreshing native plugins compatible for Editor in 202.32 ms, found 0 plugins.
Preloading 0 native plugins for Editor in 0.00 ms.
Invoked RoslynAnalysisRunner static constructor.
RoslynAnalysisRunner will not be running.
RoslynAnalysisRunner has terminated.
Mono: successfully reloaded assembly
- Completed reload, in  7.365 seconds
Platform modules already initialized, skipping
========================================================================
Worker process is ready to serve import requests
Launched and connected shader compiler UnityShaderCompiler.exe after 0.19 seconds
Refreshing native plugins compatible for Editor in 1.01 ms, found 0 plugins.
Preloading 0 native plugins for Editor in 0.00 ms.
Unloading 2091 Unused Serialized files (Serialized files now loaded: 0)
System memory in use before: 99.2 MB.
System memory in use after: 99.3 MB.

Unloading 13 unused Assets to reduce memory usage. Loaded Objects now: 2538.
Total: 9.049500 ms (FindLiveObjects: 0.706300 ms CreateObjectMapping: 0.499100 ms MarkObjects: 7.642000 ms  DeleteObjects: 0.198400 ms)

========================================================================
Received Import Request.
  path: Assets/Scenes/SceneGame.unity
  artifactKey: Guid(0e7ab6a541baa9940bb62389ab785796) Importer(815301076,1909f56bfc062723c751e8b465ee728b)
Start importing Assets/Scenes/SceneGame.unity using Guid(0e7ab6a541baa9940bb62389ab785796) Importer(815301076,1909f56bfc062723c751e8b465ee728b)  -> (artifact id: '43ad523f198878538444c575350fac61') in 0.072276 seconds
  Import took 0.096892 seconds .

========================================================================
Received Import Request.
  Time since last request: 60.716499 seconds.
  path: Assets/Prefabs/Materials
  artifactKey: Guid(bb5758d1cde46e640ad7b00802c13cde) Importer(815301076,1909f56bfc062723c751e8b465ee728b)
Start importing Assets/Prefabs/Materials using Guid(bb5758d1cde46e640ad7b00802c13cde) Importer(815301076,1909f56bfc062723c751e8b465ee728b)  -> (artifact id: '5b40eaf4a26b5e533500b23654be5840') in 0.012444 seconds
  Import took 0.032497 seconds .

========================================================================
Received Import Request.
  Time since last request: 0.055114 seconds.
  path: Assets/Prefabs/Materials/nuovacasa1.mat
  artifactKey: Guid(14ab584f499ad1f4681bb1a955ed37ec) Importer(815301076,1909f56bfc062723c751e8b465ee728b)
Start importing Assets/Prefabs/Materials/nuovacasa1.mat using Guid(14ab584f499ad1f4681bb1a955ed37ec) Importer(815301076,1909f56bfc062723c751e8b465ee728b)  -> (artifact id: 'a663f613a141be7168cb511f3a9093a3') in 0.268423 seconds
  Import took 0.288389 seconds .

========================================================================
Received Import Request.
  Time since last request: 0.000831 seconds.
  path: Assets/Prefabs/Materials/nuovacasa2.mat
  artifactKey: Guid(c4367779df5d95e4e94b0d8f8f9b7cb6) Importer(815301076,1909f56bfc062723c751e8b465ee728b)
Start importing Assets/Prefabs/Materials/nuovacasa2.mat using Guid(c4367779df5d95e4e94b0d8f8f9b7cb6) Importer(815301076,1909f56bfc062723c751e8b465ee728b)  -> (artifact id: 'f7ee7d0645ddc34e90a14e725a828a64') in 0.052349 seconds
  Import took 0.074621 seconds .

========================================================================
Received Prepare
Registering precompiled user dll's ...
Registered in 0.000948 seconds.
Begin MonoManager ReloadAssembly
Native extension for WindowsStandalone target not found
Refreshing native plugins compatible for Editor in 0.62 ms, found 0 plugins.
Preloading 0 native plugins for Editor in 0.00 ms.
Invoked RoslynAnalysisRunner static constructor.
RoslynAnalysisRunner will not be running.
RoslynAnalysisRunner has terminated.
Mono: successfully reloaded assembly
- Completed reload, in  1.528 seconds
Platform modules already initialized, skipping
Refreshing native plugins compatible for Editor in 0.50 ms, found 0 plugins.
Preloading 0 native plugins for Editor in 0.00 ms.
Unloading 2063 Unused Serialized files (Serialized files now loaded: 0)
System memory in use before: 100.4 MB.
System memory in use after: 100.5 MB.

Unloading 6 unused Assets to reduce memory usage. Loaded Objects now: 2581.
Total: 5.312000 ms (FindLiveObjects: 0.758100 ms CreateObjectMapping: 0.335600 ms MarkObjects: 4.187800 ms  DeleteObjects: 0.027600 ms)

========================================================================
Received Prepare
Registering precompiled user dll's ...
Registered in 0.001397 seconds.
Begin MonoManager ReloadAssembly
Native extension for WindowsStandalone target not found
Refreshing native plugins compatible for Editor in 0.39 ms, found 0 plugins.
Preloading 0 native plugins for Editor in 0.00 ms.
Invoked RoslynAnalysisRunner static constructor.
RoslynAnalysisRunner will not be running.
RoslynAnalysisRunner has terminated.
Mono: successfully reloaded assembly
- Completed reload, in  1.224 seconds
Platform modules already initialized, skipping
Refreshing native plugins compatible for Editor in 0.41 ms, found 0 plugins.
Preloading 0 native plugins for Editor in 0.00 ms.
Unloading 2063 Unused Serialized files (Serialized files now loaded: 0)
System memory in use before: 100.4 MB.
System memory in use after: 100.5 MB.

Unloading 6 unused Assets to reduce memory usage. Loaded Objects now: 2584.
Total: 4.085300 ms (FindLiveObjects: 0.472400 ms CreateObjectMapping: 0.129700 ms MarkObjects: 3.454700 ms  DeleteObjects: 0.025300 ms)

========================================================================
Received Prepare
Registering precompiled user dll's ...
Registered in 0.002373 seconds.
Begin MonoManager ReloadAssembly
Native extension for WindowsStandalone target not found
Refreshing native plugins compatible for Editor in 0.90 ms, found 0 plugins.
Preloading 0 native plugins for Editor in 0.00 ms.
Invoked RoslynAnalysisRunner static constructor.
RoslynAnalysisRunner will not be running.
RoslynAnalysisRunner has terminated.
Mono: successfully reloaded assembly
- Completed reload, in  1.406 seconds
Platform modules already initialized, skipping
Refreshing native plugins compatible for Editor in 0.43 ms, found 0 plugins.
Preloading 0 native plugins for Editor in 0.00 ms.
Unloading 2063 Unused Serialized files (Serialized files now loaded: 0)
System memory in use before: 100.4 MB.
System memory in use after: 100.5 MB.

Unloading 6 unused Assets to reduce memory usage. Loaded Objects now: 2587.
Total: 3.814000 ms (FindLiveObjects: 0.288400 ms CreateObjectMapping: 0.090300 ms MarkObjects: 3.417900 ms  DeleteObjects: 0.016200 ms)

========================================================================
Received Prepare
Registering precompiled user dll's ...
Registered in 0.000885 seconds.
Begin MonoManager ReloadAssembly
Native extension for WindowsStandalone target not found
Refreshing native plugins compatible for Editor in 0.49 ms, found 0 plugins.
Preloading 0 native plugins for Editor in 0.00 ms.
Invoked RoslynAnalysisRunner static constructor.
RoslynAnalysisRunner will not be running.
RoslynAnalysisRunner has terminated.
Mono: successfully reloaded assembly
- Completed reload, in  1.117 seconds
Platform modules already initialized, skipping
Refreshing native plugins compatible for Editor in 0.73 ms, found 0 plugins.
Preloading 0 native plugins for Editor in 0.00 ms.
Unloading 2063 Unused Serialized files (Serialized files now loaded: 0)
System memory in use before: 100.4 MB.
System memory in use after: 100.6 MB.

Unloading 6 unused Assets to reduce memory usage. Loaded Objects now: 2590.
Total: 3.751600 ms (FindLiveObjects: 0.214200 ms CreateObjectMapping: 0.082200 ms MarkObjects: 3.431400 ms  DeleteObjects: 0.022000 ms)

========================================================================
Received Import Request.
  Time since last request: 584.361540 seconds.
  path: Assets/Scenes/StartScene.unity
  artifactKey: Guid(e1260442e2aefa74ea58f5eb6b5db5c7) Importer(815301076,1909f56bfc062723c751e8b465ee728b)
Start importing Assets/Scenes/StartScene.unity using Guid(e1260442e2aefa74ea58f5eb6b5db5c7) Importer(815301076,1909f56bfc062723c751e8b465ee728b)  -> (artifact id: 'af82c9e0cde7b24180677c46a51b1a44') in 0.029156 seconds
  Import took 0.393835 seconds .

========================================================================
Received Prepare
Registering precompiled user dll's ...
Registered in 0.000933 seconds.
Begin MonoManager ReloadAssembly
Native extension for WindowsStandalone target not found
Refreshing native plugins compatible for Editor in 0.33 ms, found 0 plugins.
Preloading 0 native plugins for Editor in 0.00 ms.
Invoked RoslynAnalysisRunner static constructor.
RoslynAnalysisRunner will not be running.
RoslynAnalysisRunner has terminated.
Mono: successfully reloaded assembly
- Completed reload, in  1.119 seconds
Platform modules already initialized, skipping
Refreshing native plugins compatible for Editor in 0.71 ms, found 0 plugins.
Preloading 0 native plugins for Editor in 0.00 ms.
Unloading 2063 Unused Serialized files (Serialized files now loaded: 0)
System memory in use before: 100.5 MB.
System memory in use after: 100.6 MB.

Unloading 6 unused Assets to reduce memory usage. Loaded Objects now: 2593.
Total: 4.408400 ms (FindLiveObjects: 0.356400 ms CreateObjectMapping: 0.166400 ms MarkObjects: 3.863300 ms  DeleteObjects: 0.018500 ms)

========================================================================
Received Import Request.
  Time since last request: 127.020121 seconds.
  path: Assets/Scripts/GameManager.cs
  artifactKey: Guid(073f177b806ebe441be9ec65dcd6be1b) Importer(815301076,1909f56bfc062723c751e8b465ee728b)
Start importing Assets/Scripts/GameManager.cs using Guid(073f177b806ebe441be9ec65dcd6be1b) Importer(815301076,1909f56bfc062723c751e8b465ee728b)  -> (artifact id: '02d6ed545477cfeac242a7de301a6b25') in 0.011935 seconds
  Import took 0.015169 seconds .

========================================================================
Received Import Request.
  Time since last request: 0.000783 seconds.
  path: Assets/Scripts/GameManager.cs
  artifactKey: Guid(073f177b806ebe441be9ec65dcd6be1b) Importer(815301076,1909f56bfc062723c751e8b465ee728b)
Start importing Assets/Scripts/GameManager.cs using Guid(073f177b806ebe441be9ec65dcd6be1b) Importer(815301076,1909f56bfc062723c751e8b465ee728b)  -> (artifact id: '02d6ed545477cfeac242a7de301a6b25') in 0.002282 seconds
  Import took 0.005529 seconds .

========================================================================
Received Prepare
Registering precompiled user dll's ...
Registered in 0.001139 seconds.
Begin MonoManager ReloadAssembly
Native extension for WindowsStandalone target not found
Refreshing native plugins compatible for Editor in 0.32 ms, found 0 plugins.
Preloading 0 native plugins for Editor in 0.00 ms.
Invoked RoslynAnalysisRunner static constructor.
RoslynAnalysisRunner will not be running.
RoslynAnalysisRunner has terminated.
Mono: successfully reloaded assembly
- Completed reload, in  0.960 seconds
Platform modules already initialized, skipping
Refreshing native plugins compatible for Editor in 0.35 ms, found 0 plugins.
Preloading 0 native plugins for Editor in 0.00 ms.
Unloading 2063 Unused Serialized files (Serialized files now loaded: 0)
System memory in use before: 100.5 MB.
System memory in use after: 100.6 MB.

Unloading 6 unused Assets to reduce memory usage. Loaded Objects now: 2596.
Total: 2.947700 ms (FindLiveObjects: 0.239500 ms CreateObjectMapping: 0.105400 ms MarkObjects: 2.584700 ms  DeleteObjects: 0.015700 ms)

========================================================================
Received Prepare
Registering precompiled user dll's ...
Registered in 0.000994 seconds.
Begin MonoManager ReloadAssembly
Native extension for WindowsStandalone target not found
Refreshing native plugins compatible for Editor in 0.45 ms, found 0 plugins.
Preloading 0 native plugins for Editor in 0.00 ms.
Invoked RoslynAnalysisRunner static constructor.
RoslynAnalysisRunner will not be running.
RoslynAnalysisRunner has terminated.
Mono: successfully reloaded assembly
- Completed reload, in  0.955 seconds
Platform modules already initialized, skipping
Refreshing native plugins compatible for Editor in 0.36 ms, found 0 plugins.
Preloading 0 native plugins for Editor in 0.00 ms.
Unloading 2063 Unused Serialized files (Serialized files now loaded: 0)
System memory in use before: 100.5 MB.
System memory in use after: 100.6 MB.

Unloading 6 unused Assets to reduce memory usage. Loaded Objects now: 2599.
Total: 5.000500 ms (FindLiveObjects: 0.715500 ms CreateObjectMapping: 0.343600 ms MarkObjects: 3.911900 ms  DeleteObjects: 0.027500 ms)

========================================================================
Received Import Request.
  Time since last request: 189.945167 seconds.
  path: Assets/Scenes/SceneGame.unity
  artifactKey: Guid(0e7ab6a541baa9940bb62389ab785796) Importer(815301076,1909f56bfc062723c751e8b465ee728b)
Start importing Assets/Scenes/SceneGame.unity using Guid(0e7ab6a541baa9940bb62389ab785796) Importer(815301076,1909f56bfc062723c751e8b465ee728b)  -> (artifact id: 'bac4e588b3b1d83dfcf911e844d5acbb') in 0.018160 seconds
  Import took 1.628079 seconds .

========================================================================
Received Import Request.
  Time since last request: 2.809130 seconds.
  path: Assets/Scenes/StartScene.unity
  artifactKey: Guid(e1260442e2aefa74ea58f5eb6b5db5c7) Importer(815301076,1909f56bfc062723c751e8b465ee728b)
Start importing Assets/Scenes/StartScene.unity using Guid(e1260442e2aefa74ea58f5eb6b5db5c7) Importer(815301076,1909f56bfc062723c751e8b465ee728b)  -> (artifact id: '63cae56ea039540dbb6fb7eeb40e98c6') in 0.004272 seconds
  Import took 0.046884 seconds .

========================================================================
Received Prepare
Registering precompiled user dll's ...
Registered in 0.001351 seconds.
Begin MonoManager ReloadAssembly
Native extension for WindowsStandalone target not found
Refreshing native plugins compatible for Editor in 0.33 ms, found 0 plugins.
Preloading 0 native plugins for Editor in 0.00 ms.
Invoked RoslynAnalysisRunner static constructor.
RoslynAnalysisRunner will not be running.
RoslynAnalysisRunner has terminated.
Mono: successfully reloaded assembly
- Completed reload, in  0.968 seconds
Platform modules already initialized, skipping
Refreshing native plugins compatible for Editor in 0.54 ms, found 0 plugins.
Preloading 0 native plugins for Editor in 0.00 ms.
Unloading 2063 Unused Serialized files (Serialized files now loaded: 0)
System memory in use before: 100.5 MB.
System memory in use after: 100.6 MB.

Unloading 6 unused Assets to reduce memory usage. Loaded Objects now: 2602.
Total: 2.748600 ms (FindLiveObjects: 0.201200 ms CreateObjectMapping: 0.080600 ms MarkObjects: 2.450200 ms  DeleteObjects: 0.015000 ms)

========================================================================
Received Prepare
Registering precompiled user dll's ...
Registered in 0.002428 seconds.
Begin MonoManager ReloadAssembly
Native extension for WindowsStandalone target not found
Refreshing native plugins compatible for Editor in 0.53 ms, found 0 plugins.
Preloading 0 native plugins for Editor in 0.00 ms.
Invoked RoslynAnalysisRunner static constructor.
RoslynAnalysisRunner will not be running.
RoslynAnalysisRunner has terminated.
Mono: successfully reloaded assembly
- Completed reload, in  1.590 seconds
Platform modules already initialized, skipping
Refreshing native plugins compatible for Editor in 0.59 ms, found 0 plugins.
Preloading 0 native plugins for Editor in 0.00 ms.
Unloading 2063 Unused Serialized files (Serialized files now loaded: 0)
System memory in use before: 100.5 MB.
System memory in use after: 100.6 MB.

Unloading 6 unused Assets to reduce memory usage. Loaded Objects now: 2605.
Total: 6.466800 ms (FindLiveObjects: 1.043600 ms CreateObjectMapping: 0.568500 ms MarkObjects: 4.812100 ms  DeleteObjects: 0.039800 ms)

========================================================================
Received Prepare
Registering precompiled user dll's ...
Registered in 0.000857 seconds.
Begin MonoManager ReloadAssembly
Native extension for WindowsStandalone target not found
Refreshing native plugins compatible for Editor in 0.33 ms, found 0 plugins.
Preloading 0 native plugins for Editor in 0.00 ms.
Invoked RoslynAnalysisRunner static constructor.
RoslynAnalysisRunner will not be running.
RoslynAnalysisRunner has terminated.
Mono: successfully reloaded assembly
- Completed reload, in  1.020 seconds
Platform modules already initialized, skipping
Refreshing native plugins compatible for Editor in 0.38 ms, found 0 plugins.
Preloading 0 native plugins for Editor in 0.00 ms.
Unloading 2063 Unused Serialized files (Serialized files now loaded: 0)
System memory in use before: 100.5 MB.
System memory in use after: 100.6 MB.

Unloading 6 unused Assets to reduce memory usage. Loaded Objects now: 2608.
Total: 2.649000 ms (FindLiveObjects: 0.179400 ms CreateObjectMapping: 0.074500 ms MarkObjects: 2.379600 ms  DeleteObjects: 0.014400 ms)

========================================================================
Received Prepare
Registering precompiled user dll's ...
Registered in 0.000908 seconds.
Begin MonoManager ReloadAssembly
Native extension for WindowsStandalone target not found
Refreshing native plugins compatible for Editor in 0.47 ms, found 0 plugins.
Preloading 0 native plugins for Editor in 0.00 ms.
Invoked RoslynAnalysisRunner static constructor.
RoslynAnalysisRunner will not be running.
RoslynAnalysisRunner has terminated.
Mono: successfully reloaded assembly
- Completed reload, in  1.036 seconds
Platform modules already initialized, skipping
Refreshing native plugins compatible for Editor in 0.44 ms, found 0 plugins.
Preloading 0 native plugins for Editor in 0.00 ms.
Unloading 2063 Unused Serialized files (Serialized files now loaded: 0)
System memory in use before: 100.5 MB.
System memory in use after: 100.6 MB.

Unloading 6 unused Assets to reduce memory usage. Loaded Objects now: 2611.
Total: 4.573400 ms (FindLiveObjects: 0.337700 ms CreateObjectMapping: 0.138100 ms MarkObjects: 4.079300 ms  DeleteObjects: 0.017000 ms)

========================================================================
Received Prepare
Refreshing native plugins compatible for Editor in 0.89 ms, found 0 plugins.
Preloading 0 native plugins for Editor in 0.00 ms.
Unloading 3 Unused Serialized files (Serialized files now loaded: 0)
System memory in use before: 59.6 MB.
System memory in use after: 59.8 MB.

Unloading 3 unused Assets to reduce memory usage. Loaded Objects now: 2611.
Total: 3.428700 ms (FindLiveObjects: 0.319700 ms CreateObjectMapping: 0.113000 ms MarkObjects: 2.979400 ms  DeleteObjects: 0.014000 ms)

AssetImportWorkerClient::OnTransportError - code=2 error=End of file
